<?xml version="1.0" encoding="UTF-8"?>
<!-- Generated by org.testng.reporters.JUnitReportReporter -->
<testsuite hostname="co-ashariff-lt1" failures="0" tests="1" name="tests.ContactFormTests.SearchTextTest" time="10.717" errors="0" timestamp="2023-08-16T11:43:50 IST" skipped="0">
  <testcase classname="tests.ContactFormTests.SearchTextTest" name="testSearchText" time="10.717"/>
</testsuite> <!-- tests.ContactFormTests.SearchTextTest -->
